record.go: depth:0 file:/git/gopath/src/github.com/gogap/logrus/record.go line:15 func:github.com/gogap/logrus.Prepare
record.go: depth:1 file:/git/gopath/src/github.com/gogap/logrus/hooks/file/hook.go line:45 func:github.com/gogap/logrus/hooks/file.(*FileHook).Fire
record.go: depth:2 file:/git/gopath/src/github.com/gogap/logrus/hooks.go line:28 func:github.com/gogap/logrus.LevelHooks.Fire
record.go: depth:3 file:/git/gopath/src/github.com/gogap/logrus/entry.go line:80 func:github.com/gogap/logrus.(*Entry).log
record.go: depth:4 file:/git/gopath/src/github.com/gogap/logrus/entry.go line:129 func:github.com/gogap/logrus.(*Entry).Debug
record.go: depth:5 file:/git/gopath/src/github.com/gogap/logrus/logger.go line:126 func:github.com/gogap/logrus.(*Logger).Debug
record.go: depth:6 file:/git/gopath/src/github.com/gogap/logrus/examples/hook/hook_standard.go line:48 func:main.main
record.go: depth:7 file:/usr/local/Cellar/go/1.7.4/libexec/src/runtime/proc.go line:183 func:runtime.main
record.go: depth:8 file:/usr/local/Cellar/go/1.7.4/libexec/src/runtime/asm_amd64.s line:2086 func:runtime.goexit
record.go: depth:9 file: line:0 func:
record.go: depth:0 file:/git/gopath/src/github.com/gogap/logrus/record.go line:15 func:github.com/gogap/logrus.Prepare
record.go: depth:1 file:/git/gopath/src/github.com/gogap/logrus/standard_formatter.go line:61 func:github.com/gogap/logrus.(*StandardFormatter).Format
record.go: depth:2 file:/git/gopath/src/github.com/gogap/logrus/entry.go line:43 func:github.com/gogap/logrus.(*Entry).Reader
record.go: depth:3 file:/git/gopath/src/github.com/gogap/logrus/entry.go line:86 func:github.com/gogap/logrus.(*Entry).log
record.go: depth:4 file:/git/gopath/src/github.com/gogap/logrus/entry.go line:129 func:github.com/gogap/logrus.(*Entry).Debug
record.go: depth:5 file:/git/gopath/src/github.com/gogap/logrus/logger.go line:126 func:github.com/gogap/logrus.(*Logger).Debug
record.go: depth:6 file:/git/gopath/src/github.com/gogap/logrus/examples/hook/hook_standard.go line:48 func:main.main
record.go: depth:7 file:/usr/local/Cellar/go/1.7.4/libexec/src/runtime/proc.go line:183 func:runtime.main
record.go: depth:8 file:/usr/local/Cellar/go/1.7.4/libexec/src/runtime/asm_amd64.s line:2086 func:runtime.goexit
record.go: depth:9 file: line:0 func:
record.go: depth:0 file:/git/gopath/src/github.com/gogap/logrus/record.go line:15 func:github.com/gogap/logrus.Prepare
record.go: depth:1 file:/git/gopath/src/github.com/gogap/logrus/hooks/file/hook.go line:45 func:github.com/gogap/logrus/hooks/file.(*FileHook).Fire
record.go: depth:2 file:/git/gopath/src/github.com/gogap/logrus/hooks.go line:28 func:github.com/gogap/logrus.LevelHooks.Fire
record.go: depth:3 file:/git/gopath/src/github.com/gogap/logrus/entry.go line:80 func:github.com/gogap/logrus.(*Entry).log
record.go: depth:4 file:/git/gopath/src/github.com/gogap/logrus/entry.go line:158 func:github.com/gogap/logrus.(*Entry).Error
record.go: depth:5 file:/git/gopath/src/github.com/gogap/logrus/entry.go line:208 func:github.com/gogap/logrus.(*Entry).Errorf
record.go: depth:6 file:/git/gopath/src/github.com/gogap/logrus/logger.go line:107 func:github.com/gogap/logrus.(*Logger).Errorf
record.go: depth:7 file:/git/gopath/src/github.com/gogap/logrus/examples/hook/hook_standard.go line:50 func:main.main
record.go: depth:8 file:/usr/local/Cellar/go/1.7.4/libexec/src/runtime/proc.go line:183 func:runtime.main
record.go: depth:9 file:/usr/local/Cellar/go/1.7.4/libexec/src/runtime/asm_amd64.s line:2086 func:runtime.goexit
record.go: depth:0 file:/git/gopath/src/github.com/gogap/logrus/record.go line:15 func:github.com/gogap/logrus.Prepare
record.go: depth:1 file:/git/gopath/src/github.com/gogap/logrus/standard_formatter.go line:61 func:github.com/gogap/logrus.(*StandardFormatter).Format
record.go: depth:2 file:/git/gopath/src/github.com/gogap/logrus/entry.go line:43 func:github.com/gogap/logrus.(*Entry).Reader
record.go: depth:3 file:/git/gopath/src/github.com/gogap/logrus/entry.go line:86 func:github.com/gogap/logrus.(*Entry).log
record.go: depth:4 file:/git/gopath/src/github.com/gogap/logrus/entry.go line:158 func:github.com/gogap/logrus.(*Entry).Error
record.go: depth:5 file:/git/gopath/src/github.com/gogap/logrus/entry.go line:208 func:github.com/gogap/logrus.(*Entry).Errorf
record.go: depth:6 file:/git/gopath/src/github.com/gogap/logrus/logger.go line:107 func:github.com/gogap/logrus.(*Logger).Errorf
record.go: depth:7 file:/git/gopath/src/github.com/gogap/logrus/examples/hook/hook_standard.go line:50 func:main.main
record.go: depth:8 file:/usr/local/Cellar/go/1.7.4/libexec/src/runtime/proc.go line:183 func:runtime.main
record.go: depth:9 file:/usr/local/Cellar/go/1.7.4/libexec/src/runtime/asm_amd64.s line:2086 func:runtime.goexit
record.go: depth:0 file:/git/gopath/src/github.com/gogap/logrus/record.go line:15 func:github.com/gogap/logrus.Prepare
record.go: depth:1 file:/git/gopath/src/github.com/gogap/logrus/hooks/file/hook.go line:45 func:github.com/gogap/logrus/hooks/file.(*FileHook).Fire
record.go: depth:2 file:/git/gopath/src/github.com/gogap/logrus/hooks.go line:28 func:github.com/gogap/logrus.LevelHooks.Fire
record.go: depth:3 file:/git/gopath/src/github.com/gogap/logrus/entry.go line:80 func:github.com/gogap/logrus.(*Entry).log
record.go: depth:4 file:/git/gopath/src/github.com/gogap/logrus/entry.go line:140 func:github.com/gogap/logrus.(*Entry).Info
record.go: depth:5 file:/git/gopath/src/github.com/gogap/logrus/examples/hook/hook_standard.go line:55 func:main.main
record.go: depth:6 file:/usr/local/Cellar/go/1.7.4/libexec/src/runtime/proc.go line:183 func:runtime.main
record.go: depth:7 file:/usr/local/Cellar/go/1.7.4/libexec/src/runtime/asm_amd64.s line:2086 func:runtime.goexit
record.go: depth:8 file: line:0 func:
record.go: depth:9 file: line:0 func:
record.go: depth:0 file:/git/gopath/src/github.com/gogap/logrus/record.go line:15 func:github.com/gogap/logrus.Prepare
record.go: depth:1 file:/git/gopath/src/github.com/gogap/logrus/standard_formatter.go line:61 func:github.com/gogap/logrus.(*StandardFormatter).Format
record.go: depth:2 file:/git/gopath/src/github.com/gogap/logrus/entry.go line:43 func:github.com/gogap/logrus.(*Entry).Reader
record.go: depth:3 file:/git/gopath/src/github.com/gogap/logrus/entry.go line:86 func:github.com/gogap/logrus.(*Entry).log
record.go: depth:4 file:/git/gopath/src/github.com/gogap/logrus/entry.go line:140 func:github.com/gogap/logrus.(*Entry).Info
record.go: depth:5 file:/git/gopath/src/github.com/gogap/logrus/examples/hook/hook_standard.go line:55 func:main.main
record.go: depth:6 file:/usr/local/Cellar/go/1.7.4/libexec/src/runtime/proc.go line:183 func:runtime.main
record.go: depth:7 file:/usr/local/Cellar/go/1.7.4/libexec/src/runtime/asm_amd64.s line:2086 func:runtime.goexit
record.go: depth:8 file: line:0 func:
record.go: depth:9 file: line:0 func:
record.go: depth:0 file:/git/gopath/src/github.com/gogap/logrus/record.go line:15 func:github.com/gogap/logrus.Prepare
record.go: depth:1 file:/git/gopath/src/github.com/gogap/logrus/hooks/file/hook.go line:45 func:github.com/gogap/logrus/hooks/file.(*FileHook).Fire
record.go: depth:2 file:/git/gopath/src/github.com/gogap/logrus/hooks.go line:28 func:github.com/gogap/logrus.LevelHooks.Fire
record.go: depth:3 file:/git/gopath/src/github.com/gogap/logrus/entry.go line:80 func:github.com/gogap/logrus.(*Entry).log
record.go: depth:4 file:/git/gopath/src/github.com/gogap/logrus/entry.go line:147 func:github.com/gogap/logrus.(*Entry).Warn
record.go: depth:5 file:/git/gopath/src/github.com/gogap/logrus/examples/hook/hook_standard.go line:60 func:main.main
record.go: depth:6 file:/usr/local/Cellar/go/1.7.4/libexec/src/runtime/proc.go line:183 func:runtime.main
record.go: depth:7 file:/usr/local/Cellar/go/1.7.4/libexec/src/runtime/asm_amd64.s line:2086 func:runtime.goexit
record.go: depth:8 file: line:0 func:
record.go: depth:9 file: line:0 func:
record.go: depth:0 file:/git/gopath/src/github.com/gogap/logrus/record.go line:15 func:github.com/gogap/logrus.Prepare
record.go: depth:1 file:/git/gopath/src/github.com/gogap/logrus/standard_formatter.go line:61 func:github.com/gogap/logrus.(*StandardFormatter).Format
record.go: depth:2 file:/git/gopath/src/github.com/gogap/logrus/entry.go line:43 func:github.com/gogap/logrus.(*Entry).Reader
record.go: depth:3 file:/git/gopath/src/github.com/gogap/logrus/entry.go line:86 func:github.com/gogap/logrus.(*Entry).log
record.go: depth:4 file:/git/gopath/src/github.com/gogap/logrus/entry.go line:147 func:github.com/gogap/logrus.(*Entry).Warn
record.go: depth:5 file:/git/gopath/src/github.com/gogap/logrus/examples/hook/hook_standard.go line:60 func:main.main
record.go: depth:6 file:/usr/local/Cellar/go/1.7.4/libexec/src/runtime/proc.go line:183 func:runtime.main
record.go: depth:7 file:/usr/local/Cellar/go/1.7.4/libexec/src/runtime/asm_amd64.s line:2086 func:runtime.goexit
record.go: depth:8 file: line:0 func:
record.go: depth:9 file: line:0 func:
record.go: depth:0 file:/git/gopath/src/github.com/gogap/logrus/record.go line:15 func:github.com/gogap/logrus.Prepare
record.go: depth:1 file:/git/gopath/src/github.com/gogap/logrus/hooks/file/hook.go line:45 func:github.com/gogap/logrus/hooks/file.(*FileHook).Fire
record.go: depth:2 file:/git/gopath/src/github.com/gogap/logrus/hooks.go line:28 func:github.com/gogap/logrus.LevelHooks.Fire
record.go: depth:3 file:/git/gopath/src/github.com/gogap/logrus/entry.go line:80 func:github.com/gogap/logrus.(*Entry).log
record.go: depth:4 file:/git/gopath/src/github.com/gogap/logrus/entry.go line:165 func:github.com/gogap/logrus.(*Entry).Fatal
record.go: depth:5 file:/git/gopath/src/github.com/gogap/logrus/examples/hook/hook_standard.go line:65 func:main.main
record.go: depth:6 file:/usr/local/Cellar/go/1.7.4/libexec/src/runtime/proc.go line:183 func:runtime.main
record.go: depth:7 file:/usr/local/Cellar/go/1.7.4/libexec/src/runtime/asm_amd64.s line:2086 func:runtime.goexit
record.go: depth:8 file: line:0 func:
record.go: depth:9 file: line:0 func:
record.go: depth:0 file:/git/gopath/src/github.com/gogap/logrus/record.go line:15 func:github.com/gogap/logrus.Prepare
record.go: depth:1 file:/git/gopath/src/github.com/gogap/logrus/standard_formatter.go line:61 func:github.com/gogap/logrus.(*StandardFormatter).Format
record.go: depth:2 file:/git/gopath/src/github.com/gogap/logrus/entry.go line:43 func:github.com/gogap/logrus.(*Entry).Reader
record.go: depth:3 file:/git/gopath/src/github.com/gogap/logrus/entry.go line:86 func:github.com/gogap/logrus.(*Entry).log
record.go: depth:4 file:/git/gopath/src/github.com/gogap/logrus/entry.go line:165 func:github.com/gogap/logrus.(*Entry).Fatal
record.go: depth:5 file:/git/gopath/src/github.com/gogap/logrus/examples/hook/hook_standard.go line:65 func:main.main
record.go: depth:6 file:/usr/local/Cellar/go/1.7.4/libexec/src/runtime/proc.go line:183 func:runtime.main
record.go: depth:7 file:/usr/local/Cellar/go/1.7.4/libexec/src/runtime/asm_amd64.s line:2086 func:runtime.goexit
record.go: depth:8 file: line:0 func:
record.go: depth:9 file: line:0 func:
